<?xml version="1.0" encoding="UTF-8"?>
<!-- Generated by org.testng.reporters.JUnitReportReporter -->
<testsuite hostname="BUK30LAP4000427" failures="0" tests="3" name="testCases.FacturasPageTests" time="129.455" errors="0" timestamp="2022-05-16T14:03:31 EEST" skipped="0">
  <testcase classname="testCases.FacturasPageTests" name="searchByInvoiceNumber" time="26.441"/>
  <system-out/>
  <testcase classname="testCases.FacturasPageTests" name="selectMultipleInvoceis" time="28.963"/>
  <system-out/>
  <testcase classname="testCases.FacturasPageTests" name="searchByDate" time="74.051"/>
  <system-out/>
</testsuite> <!-- testCases.FacturasPageTests -->
