<?xml version="1.0" encoding="UTF-8"?>
<!-- Generated by org.testng.reporters.JUnitReportReporter -->
<testsuite hostname="BUK30LAP4000427" failures="0" tests="3" name="testCases.FacturasPageTests" time="128.469" errors="0" timestamp="2022-05-16T12:56:23 EEST" skipped="0">
  <testcase classname="testCases.FacturasPageTests" name="searchByDate" time="74.509"/>
  <system-out/>
  <testcase classname="testCases.FacturasPageTests" name="searchByInvoiceNumber" time="25.668"/>
  <system-out/>
  <testcase classname="testCases.FacturasPageTests" name="selectMultipleInvoceis" time="28.292"/>
  <system-out/>
</testsuite> <!-- testCases.FacturasPageTests -->
