<?xml version="1.0" encoding="UTF-8"?>
<!-- Generated by org.testng.reporters.JUnitReportReporter -->
<testsuite hostname="BUK30LAP4000427" failures="0" tests="2" name="testCases.ResumenPageTests" time="38.309" errors="0" timestamp="2022-05-16T12:56:23 EEST" skipped="0">
  <testcase classname="testCases.ResumenPageTests" name="downloadButtonNotAvailable" time="17.861"/>
  <system-out/>
  <testcase classname="testCases.ResumenPageTests" name="downloadButtonAvailable" time="20.448"/>
  <system-out/>
</testsuite> <!-- testCases.ResumenPageTests -->
