<?xml version="1.0" encoding="UTF-8"?>
<!-- Generated by org.testng.reporters.JUnitReportReporter -->
<testsuite hostname="BUK30LAP4000427" failures="0" tests="3" name="testCases.FacturasPageTests" time="135.099" errors="0" timestamp="2022-05-12T14:54:20 EEST" skipped="0">
  <testcase classname="testCases.FacturasPageTests" name="selectMultipleInvoceis" time="30.477"/>
  <system-out/>
  <testcase classname="testCases.FacturasPageTests" name="searchByInvoiceNumber" time="27.874"/>
  <system-out/>
  <testcase classname="testCases.FacturasPageTests" name="searchByDate" time="76.748"/>
  <system-out/>
</testsuite> <!-- testCases.FacturasPageTests -->
