<?xml version="1.0" encoding="UTF-8"?>
<!-- Generated by org.testng.reporters.JUnitReportReporter -->
<testsuite hostname="BUK30LAP4000427" failures="0" tests="3" name="testCases.FacturasPageTests" time="139.237" errors="0" timestamp="2022-05-13T09:48:34 EEST" skipped="0">
  <testcase classname="testCases.FacturasPageTests" name="selectMultipleInvoceis" time="32.358"/>
  <system-out/>
  <testcase classname="testCases.FacturasPageTests" name="searchByDate" time="77.770"/>
  <system-out/>
  <testcase classname="testCases.FacturasPageTests" name="searchByInvoiceNumber" time="29.109"/>
  <system-out/>
</testsuite> <!-- testCases.FacturasPageTests -->
