<?xml version="1.0" encoding="UTF-8"?>
<!-- Generated by org.testng.reporters.JUnitReportReporter -->
<testsuite hostname="BUK30LAP4000427" failures="0" tests="2" name="testCases.AjustesPageTests" time="35.776" errors="0" timestamp="2022-05-12T14:54:20 EEST" skipped="0">
  <testcase classname="testCases.AjustesPageTests" name="checkSaveButton" time="18.904"/>
  <system-out/>
  <testcase classname="testCases.AjustesPageTests" name="checkCancelButton" time="16.872"/>
  <system-out/>
</testsuite> <!-- testCases.AjustesPageTests -->
