<?xml version="1.0" encoding="UTF-8"?>
<!-- Generated by org.testng.reporters.JUnitReportReporter -->
<testsuite hostname="BUK30LAP4000427" failures="0" tests="2" name="testCases.ResumenPageTests" time="37.769" errors="0" timestamp="2022-05-16T14:03:31 EEST" skipped="0">
  <testcase classname="testCases.ResumenPageTests" name="downloadButtonNotAvailable" time="16.073"/>
  <system-out/>
  <testcase classname="testCases.ResumenPageTests" name="downloadButtonAvailable" time="21.696"/>
  <system-out/>
</testsuite> <!-- testCases.ResumenPageTests -->
