<?xml version="1.0" encoding="UTF-8"?>
<!-- Generated by org.testng.reporters.JUnitReportReporter -->
<testsuite hostname="BUK30LAP4000427" failures="0" tests="3" name="testCases.FacturasPageTests" time="134.729" errors="0" timestamp="2022-05-16T10:04:53 EEST" skipped="0">
  <testcase classname="testCases.FacturasPageTests" name="searchByInvoiceNumber" time="28.091"/>
  <system-out/>
  <testcase classname="testCases.FacturasPageTests" name="searchByDate" time="75.461"/>
  <system-out/>
  <testcase classname="testCases.FacturasPageTests" name="selectMultipleInvoceis" time="31.177"/>
  <system-out/>
</testsuite> <!-- testCases.FacturasPageTests -->
