<?xml version="1.0" encoding="UTF-8"?>
<!-- Generated by org.testng.reporters.JUnitReportReporter -->
<testsuite hostname="BUK30LAP4000427" failures="0" tests="2" name="testCases.AjustesPageTests" time="39.229" errors="0" timestamp="2022-05-13T09:48:34 EEST" skipped="0">
  <testcase classname="testCases.AjustesPageTests" name="checkCancelButton" time="19.851"/>
  <system-out/>
  <testcase classname="testCases.AjustesPageTests" name="checkSaveButton" time="19.378"/>
  <system-out/>
</testsuite> <!-- testCases.AjustesPageTests -->
