<?xml version="1.0" encoding="UTF-8"?>
<!-- Generated by org.testng.reporters.JUnitReportReporter -->
<testsuite hostname="BUK30LAP4000427" failures="0" tests="2" name="testCases.ResumenPageTests" time="42.794" errors="0" timestamp="2022-05-16T10:04:53 EEST" skipped="0">
  <testcase classname="testCases.ResumenPageTests" name="downloadButtonNotAvailable" time="20.512"/>
  <system-out/>
  <testcase classname="testCases.ResumenPageTests" name="downloadButtonAvailable" time="22.282"/>
  <system-out/>
</testsuite> <!-- testCases.ResumenPageTests -->
