<?xml version="1.0" encoding="UTF-8"?>
<!-- Generated by org.testng.reporters.JUnitReportReporter -->
<testsuite hostname="BUK30LAP4000427" failures="0" tests="2" name="testCases.AjustesPageTests" time="37.311" errors="0" timestamp="2022-05-16T10:04:53 EEST" skipped="0">
  <testcase classname="testCases.AjustesPageTests" name="checkCancelButton" time="18.629"/>
  <system-out/>
  <testcase classname="testCases.AjustesPageTests" name="checkSaveButton" time="18.682"/>
  <system-out/>
</testsuite> <!-- testCases.AjustesPageTests -->
