<?xml version="1.0" encoding="UTF-8"?>
<!-- Generated by org.testng.reporters.JUnitReportReporter -->
<testsuite hostname="BUK30LAP4000427" failures="0" tests="2" name="testCases.ResumenPageTests" time="43.260" errors="0" timestamp="2022-05-13T09:48:34 EEST" skipped="0">
  <testcase classname="testCases.ResumenPageTests" name="downloadButtonNotAvailable" time="19.820"/>
  <system-out/>
  <testcase classname="testCases.ResumenPageTests" name="downloadButtonAvailable" time="23.440"/>
  <system-out/>
</testsuite> <!-- testCases.ResumenPageTests -->
