<?xml version="1.0" encoding="UTF-8"?>
<!-- Generated by org.testng.reporters.JUnitReportReporter -->
<testsuite hostname="BUK30LAP4000427" failures="0" tests="2" name="testCases.ResumenPageTests" time="40.328" errors="0" timestamp="2022-05-12T14:54:20 EEST" skipped="0">
  <testcase classname="testCases.ResumenPageTests" name="downloadButtonAvailable" time="21.527"/>
  <system-out/>
  <testcase classname="testCases.ResumenPageTests" name="downloadButtonNotAvailable" time="18.801"/>
  <system-out/>
</testsuite> <!-- testCases.ResumenPageTests -->
